<?xml version="1.0" encoding="UTF-8"?>
<testsuite xmlns:xsi="http://www.w3.org/2001/XMLSchema-instance" xsi:noNamespaceSchemaLocation="https://maven.apache.org/surefire/maven-surefire-plugin/xsd/surefire-test-report.xsd" name="com.garanti.internal.RunCucumberTest" time="8.14" tests="2" errors="0" skipped="0" failures="0">
  <properties>
[...]
</properties>
  <testcase name="LoanApproved" classname="Test case &apos;loanapproval-process&apos;" time="6.477"/>
  <testcase name="LoanRejected" classname="Test case &apos;loanapproval-process&apos;" time="0.839"/>
</testsuite>